# JRE version: Java(TM) SE Runtime Environment (21.0.8+12) (build 21.0.8+12-LTS-250)
# Java VM: Java HotSpot(TM) 64-Bit Server VM (21.0.8+12-LTS-250, mixed mode, sharing, tiered, compressed oops, compressed class ptrs, g1 gc, windows-amd64)
GC Precious Log:
 CardTable entry size: 512
 Card Set container configuration: InlinePtr #cards 4 size 8 Array Of Cards #cards 16 size 48 Howl #buckets 8 coarsen threshold 3686 Howl Bitmap #cards 512 size 80 coarsen threshold 460 Card regions per heap region 1 cards per card region 4096
 CPUs: 12 total, 12 available
 Memory: 15676M
 Large Page Support: Disabled
 NUMA Support: Disabled
 Compressed Oops: Enabled (Zero based)
 Heap Region Size: 2M
 Heap Min Capacity: 8M
 Heap Initial Capacity: 8M
 Heap Max Capacity: 3920M
 Pre-touch: Disabled
 Parallel Workers: 10
 Concurrent Workers: 3
 Concurrent Refinement Workers: 10
 Periodic GC: Disabled
Heap:
 garbage-first heap   total 77824K, used 39557K [0x000000070b000000, 0x0000000800000000)
  region size 2048K, 14 young (28672K), 2 survivors (4096K)
 Metaspace       used 9660K, committed 9856K, reserved 1114112K
  class space    used 1062K, committed 1152K, reserved 1048576K
GC Heap History (20 events):
Event: 0.169 GC heap before
{Heap before GC invocations=0 (full 0):
 garbage-first heap   total 8192K, used 2048K [0x000000070b000000, 0x0000000800000000)
  region size 2048K, 1 young (2048K), 0 survivors (0K)
 Metaspace       used 1398K, committed 1536K, reserved 1114112K
  class space    used 164K, committed 256K, reserved 1048576K
}
Event: 0.173 GC heap after
{Heap after GC invocations=1 (full 0):
 garbage-first heap   total 8192K, used 1120K [0x000000070b000000, 0x0000000800000000)
  region size 2048K, 1 young (2048K), 1 survivors (2048K)
 Metaspace       used 1398K, committed 1536K, reserved 1114112K
  class space    used 164K, committed 256K, reserved 1048576K
}
Event: 0.301 GC heap before
{Heap before GC invocations=1 (full 0):
 garbage-first heap   total 8192K, used 3168K [0x000000070b000000, 0x0000000800000000)
  region size 2048K, 2 young (4096K), 1 survivors (2048K)
 Metaspace       used 3018K, committed 3200K, reserved 1114112K
  class space    used 357K, committed 448K, reserved 1048576K
}
Event: 0.305 GC heap after
{Heap after GC invocations=2 (full 0):
 garbage-first heap   total 8192K, used 1970K [0x000000070b000000, 0x0000000800000000)
  region size 2048K, 1 young (2048K), 1 survivors (2048K)
 Metaspace       used 3018K, committed 3200K, reserved 1114112K
  class space    used 357K, committed 448K, reserved 1048576K
}
Event: 0.357 GC heap before
{Heap before GC invocations=2 (full 0):
 garbage-first heap   total 12288K, used 8114K [0x000000070b000000, 0x0000000800000000)
  region size 2048K, 2 young (4096K), 1 survivors (2048K)
 Metaspace       used 3545K, committed 3648K, reserved 1114112K
  class space    used 415K, committed 448K, reserved 1048576K
}
Event: 0.361 GC heap after
{Heap after GC invocations=3 (full 0):
 garbage-first heap   total 12288K, used 7237K [0x000000070b000000, 0x0000000800000000)
  region size 2048K, 1 young (2048K), 1 survivors (2048K)
 Metaspace       used 3545K, committed 3648K, reserved 1114112K
  class space    used 415K, committed 448K, reserved 1048576K
}
Event: 0.371 GC heap before
{Heap before GC invocations=3 (full 0):
 garbage-first heap   total 12288K, used 7237K [0x000000070b000000, 0x0000000800000000)
  region size 2048K, 2 young (4096K), 1 survivors (2048K)
 Metaspace       used 3553K, committed 3648K, reserved 1114112K
  class space    used 416K, committed 448K, reserved 1048576K
}
Event: 0.374 GC heap after
{Heap after GC invocations=4 (full 0):
 garbage-first heap   total 14336K, used 9353K [0x000000070b000000, 0x0000000800000000)
  region size 2048K, 1 young (2048K), 1 survivors (2048K)
 Metaspace       used 3553K, committed 3648K, reserved 1114112K
  class space    used 416K, committed 448K, reserved 1048576K
}
Event: 0.401 GC heap before
{Heap before GC invocations=5 (full 0):
 garbage-first heap   total 20480K, used 9353K [0x000000070b000000, 0x0000000800000000)
  region size 2048K, 2 young (4096K), 1 survivors (2048K)
 Metaspace       used 3638K, committed 3776K, reserved 1114112K
  class space    used 432K, committed 512K, reserved 1048576K
}
Event: 0.404 GC heap after
{Heap after GC invocations=6 (full 0):
 garbage-first heap   total 28672K, used 9778K [0x000000070b000000, 0x0000000800000000)
  region size 2048K, 1 young (2048K), 1 survivors (2048K)
 Metaspace       used 3638K, committed 3776K, reserved 1114112K
  class space    used 432K, committed 512K, reserved 1048576K
}
Event: 0.420 GC heap before
{Heap before GC invocations=6 (full 0):
 garbage-first heap   total 28672K, used 17970K [0x000000070b000000, 0x0000000800000000)
  region size 2048K, 3 young (6144K), 1 survivors (2048K)
 Metaspace       used 3638K, committed 3776K, reserved 1114112K
  class space    used 432K, committed 512K, reserved 1048576K
}
Event: 0.425 GC heap after
{Heap after GC invocations=7 (full 0):
 garbage-first heap   total 28672K, used 17526K [0x000000070b000000, 0x0000000800000000)
  region size 2048K, 1 young (2048K), 1 survivors (2048K)
 Metaspace       used 3638K, committed 3776K, reserved 1114112K
  class space    used 432K, committed 512K, reserved 1048576K
}
Event: 0.491 GC heap before
{Heap before GC invocations=7 (full 0):
 garbage-first heap   total 28672K, used 17526K [0x000000070b000000, 0x0000000800000000)
  region size 2048K, 2 young (4096K), 1 survivors (2048K)
 Metaspace       used 3923K, committed 4160K, reserved 1114112K
  class space    used 451K, committed 576K, reserved 1048576K
}
Event: 0.494 GC heap after
{Heap after GC invocations=8 (full 0):
 garbage-first heap   total 28672K, used 18306K [0x000000070b000000, 0x0000000800000000)
  region size 2048K, 1 young (2048K), 1 survivors (2048K)
 Metaspace       used 3923K, committed 4160K, reserved 1114112K
  class space    used 451K, committed 576K, reserved 1048576K
}
Event: 1.579 GC heap before
{Heap before GC invocations=9 (full 0):
 garbage-first heap   total 38912K, used 18306K [0x000000070b000000, 0x0000000800000000)
  region size 2048K, 2 young (4096K), 1 survivors (2048K)
 Metaspace       used 3955K, committed 4160K, reserved 1114112K
  class space    used 451K, committed 576K, reserved 1048576K
}
Event: 1.580 GC heap after
{Heap after GC invocations=10 (full 0):
 garbage-first heap   total 38912K, used 18027K [0x000000070b000000, 0x0000000800000000)
  region size 2048K, 1 young (2048K), 1 survivors (2048K)
 Metaspace       used 3955K, committed 4160K, reserved 1114112K
  class space    used 451K, committed 576K, reserved 1048576K
}
Event: 1.862 GC heap before
{Heap before GC invocations=11 (full 0):
 garbage-first heap   total 38912K, used 20075K [0x000000070b000000, 0x0000000800000000)
  region size 2048K, 3 young (6144K), 1 survivors (2048K)
 Metaspace       used 8890K, committed 9088K, reserved 1114112K
  class space    used 1027K, committed 1152K, reserved 1048576K
}
Event: 1.865 GC heap after
{Heap after GC invocations=12 (full 0):
 garbage-first heap   total 77824K, used 15036K [0x000000070b000000, 0x0000000800000000)
  region size 2048K, 1 young (2048K), 1 survivors (2048K)
 Metaspace       used 8890K, committed 9088K, reserved 1114112K
  class space    used 1027K, committed 1152K, reserved 1048576K
}
Event: 4.592 GC heap before
{Heap before GC invocations=12 (full 0):
 garbage-first heap   total 77824K, used 37564K [0x000000070b000000, 0x0000000800000000)
  region size 2048K, 13 young (26624K), 1 survivors (2048K)
 Metaspace       used 9600K, committed 9792K, reserved 1114112K
  class space    used 1062K, committed 1152K, reserved 1048576K
}
Event: 4.607 GC heap after
{Heap after GC invocations=13 (full 0):
 garbage-first heap   total 77824K, used 17029K [0x000000070b000000, 0x0000000800000000)
  region size 2048K, 2 young (4096K), 2 survivors (4096K)
 Metaspace       used 9600K, committed 9792K, reserved 1114112K
  class space    used 1062K, committed 1152K, reserved 1048576K
}

