# JRE version: Java(TM) SE Runtime Environment (21.0.8+12) (build 21.0.8+12-LTS-250)
# Java VM: Java HotSpot(TM) 64-Bit Server VM (21.0.8+12-LTS-250, mixed mode, sharing, tiered, compressed oops, compressed class ptrs, g1 gc, windows-amd64)
GC Precious Log:
 CardTable entry size: 512
 Card Set container configuration: InlinePtr #cards 4 size 8 Array Of Cards #cards 16 size 48 Howl #buckets 8 coarsen threshold 3686 Howl Bitmap #cards 512 size 80 coarsen threshold 460 Card regions per heap region 1 cards per card region 4096
 CPUs: 12 total, 12 available
 Memory: 15676M
 Large Page Support: Disabled
 NUMA Support: Disabled
 Compressed Oops: Enabled (Zero based)
 Heap Region Size: 2M
 Heap Min Capacity: 8M
 Heap Initial Capacity: 8M
 Heap Max Capacity: 3920M
 Pre-touch: Disabled
 Parallel Workers: 10
 Concurrent Workers: 3
 Concurrent Refinement Workers: 10
 Periodic GC: Disabled
Heap:
 garbage-first heap   total 94208K, used 62505K [0x000000070b000000, 0x0000000800000000)
  region size 2048K, 9 young (18432K), 2 survivors (4096K)
 Metaspace       used 18779K, committed 18944K, reserved 1114112K
  class space    used 1968K, committed 2048K, reserved 1048576K
GC Heap History (20 events):
Event: 0.623 GC heap before
{Heap before GC invocations=7 (full 0):
 garbage-first heap   total 28672K, used 19935K [0x000000070b000000, 0x0000000800000000)
  region size 2048K, 2 young (4096K), 1 survivors (2048K)
 Metaspace       used 3927K, committed 4160K, reserved 1114112K
  class space    used 451K, committed 576K, reserved 1048576K
}
Event: 0.627 GC heap after
{Heap after GC invocations=8 (full 0):
 garbage-first heap   total 28672K, used 18288K [0x000000070b000000, 0x0000000800000000)
  region size 2048K, 1 young (2048K), 1 survivors (2048K)
 Metaspace       used 3927K, committed 4160K, reserved 1114112K
  class space    used 451K, committed 576K, reserved 1048576K
}
Event: 0.783 GC heap before
{Heap before GC invocations=9 (full 0):
 garbage-first heap   total 38912K, used 22384K [0x000000070b000000, 0x0000000800000000)
  region size 2048K, 2 young (4096K), 1 survivors (2048K)
 Metaspace       used 3981K, committed 4224K, reserved 1114112K
  class space    used 451K, committed 576K, reserved 1048576K
}
Event: 0.785 GC heap after
{Heap after GC invocations=10 (full 0):
 garbage-first heap   total 38912K, used 18259K [0x000000070b000000, 0x0000000800000000)
  region size 2048K, 1 young (2048K), 1 survivors (2048K)
 Metaspace       used 3981K, committed 4224K, reserved 1114112K
  class space    used 451K, committed 576K, reserved 1048576K
}
Event: 2.604 GC heap before
{Heap before GC invocations=10 (full 0):
 garbage-first heap   total 38912K, used 22355K [0x000000070b000000, 0x0000000800000000)
  region size 2048K, 3 young (6144K), 1 survivors (2048K)
 Metaspace       used 9200K, committed 9344K, reserved 1114112K
  class space    used 1046K, committed 1152K, reserved 1048576K
}
Event: 2.611 GC heap after
{Heap after GC invocations=11 (full 0):
 garbage-first heap   total 77824K, used 19384K [0x000000070b000000, 0x0000000800000000)
  region size 2048K, 1 young (2048K), 1 survivors (2048K)
 Metaspace       used 9200K, committed 9344K, reserved 1114112K
  class space    used 1046K, committed 1152K, reserved 1048576K
}
Event: 3.282 GC heap before
{Heap before GC invocations=11 (full 0):
 garbage-first heap   total 77824K, used 39864K [0x000000070b000000, 0x0000000800000000)
  region size 2048K, 12 young (24576K), 1 survivors (2048K)
 Metaspace       used 9585K, committed 9728K, reserved 1114112K
  class space    used 1062K, committed 1152K, reserved 1048576K
}
Event: 3.297 GC heap after
{Heap after GC invocations=12 (full 0):
 garbage-first heap   total 77824K, used 24054K [0x000000070b000000, 0x0000000800000000)
  region size 2048K, 2 young (4096K), 2 survivors (4096K)
 Metaspace       used 9585K, committed 9728K, reserved 1114112K
  class space    used 1062K, committed 1152K, reserved 1048576K
}
Event: 3.786 GC heap before
{Heap before GC invocations=12 (full 0):
 garbage-first heap   total 77824K, used 50678K [0x000000070b000000, 0x0000000800000000)
  region size 2048K, 15 young (30720K), 2 survivors (4096K)
 Metaspace       used 9663K, committed 9856K, reserved 1114112K
  class space    used 1062K, committed 1152K, reserved 1048576K
}
Event: 3.807 GC heap after
{Heap after GC invocations=13 (full 0):
 garbage-first heap   total 77824K, used 29811K [0x000000070b000000, 0x0000000800000000)
  region size 2048K, 2 young (4096K), 2 survivors (4096K)
 Metaspace       used 9663K, committed 9856K, reserved 1114112K
  class space    used 1062K, committed 1152K, reserved 1048576K
}
Event: 4.540 GC heap before
{Heap before GC invocations=13 (full 0):
 garbage-first heap   total 77824K, used 56435K [0x000000070b000000, 0x0000000800000000)
  region size 2048K, 14 young (28672K), 2 survivors (4096K)
 Metaspace       used 9961K, committed 10112K, reserved 1114112K
  class space    used 1083K, committed 1152K, reserved 1048576K
}
Event: 4.553 GC heap after
{Heap after GC invocations=14 (full 0):
 garbage-first heap   total 77824K, used 38469K [0x000000070b000000, 0x0000000800000000)
  region size 2048K, 2 young (4096K), 2 survivors (4096K)
 Metaspace       used 9961K, committed 10112K, reserved 1114112K
  class space    used 1083K, committed 1152K, reserved 1048576K
}
Event: 5.422 GC heap before
{Heap before GC invocations=14 (full 0):
 garbage-first heap   total 77824K, used 58949K [0x000000070b000000, 0x0000000800000000)
  region size 2048K, 12 young (24576K), 2 survivors (4096K)
 Metaspace       used 10879K, committed 11008K, reserved 1114112K
  class space    used 1158K, committed 1216K, reserved 1048576K
}
Event: 5.438 GC heap after
{Heap after GC invocations=15 (full 0):
 garbage-first heap   total 77824K, used 44096K [0x000000070b000000, 0x0000000800000000)
  region size 2048K, 2 young (4096K), 2 survivors (4096K)
 Metaspace       used 10879K, committed 11008K, reserved 1114112K
  class space    used 1158K, committed 1216K, reserved 1048576K
}
Event: 5.634 GC heap before
{Heap before GC invocations=15 (full 0):
 garbage-first heap   total 77824K, used 54336K [0x000000070b000000, 0x0000000800000000)
  region size 2048K, 8 young (16384K), 2 survivors (4096K)
 Metaspace       used 11057K, committed 11200K, reserved 1114112K
  class space    used 1166K, committed 1216K, reserved 1048576K
}
Event: 5.651 GC heap after
{Heap after GC invocations=16 (full 0):
 garbage-first heap   total 94208K, used 47424K [0x000000070b000000, 0x0000000800000000)
  region size 2048K, 2 young (4096K), 2 survivors (4096K)
 Metaspace       used 11057K, committed 11200K, reserved 1114112K
  class space    used 1166K, committed 1216K, reserved 1048576K
}
Event: 8.218 GC heap before
{Heap before GC invocations=17 (full 0):
 garbage-first heap   total 94208K, used 72000K [0x000000070b000000, 0x0000000800000000)
  region size 2048K, 15 young (30720K), 2 survivors (4096K)
 Metaspace       used 11315K, committed 11392K, reserved 1114112K
  class space    used 1176K, committed 1216K, reserved 1048576K
}
Event: 8.243 GC heap after
{Heap after GC invocations=18 (full 0):
 garbage-first heap   total 94208K, used 50633K [0x000000070b000000, 0x0000000800000000)
  region size 2048K, 2 young (4096K), 2 survivors (4096K)
 Metaspace       used 11315K, committed 11392K, reserved 1114112K
  class space    used 1176K, committed 1216K, reserved 1048576K
}
Event: 8.786 GC heap before
{Heap before GC invocations=18 (full 0):
 garbage-first heap   total 94208K, used 77257K [0x000000070b000000, 0x0000000800000000)
  region size 2048K, 15 young (30720K), 2 survivors (4096K)
 Metaspace       used 12126K, committed 12288K, reserved 1114112K
  class space    used 1252K, committed 1344K, reserved 1048576K
}
Event: 8.811 GC heap after
{Heap after GC invocations=19 (full 0):
 garbage-first heap   total 94208K, used 52265K [0x000000070b000000, 0x0000000800000000)
  region size 2048K, 2 young (4096K), 2 survivors (4096K)
 Metaspace       used 12126K, committed 12288K, reserved 1114112K
  class space    used 1252K, committed 1344K, reserved 1048576K
}

