# JRE version: Java(TM) SE Runtime Environment (21.0.8+12) (build 21.0.8+12-LTS-250)
# Java VM: Java HotSpot(TM) 64-Bit Server VM (21.0.8+12-LTS-250, mixed mode, sharing, tiered, compressed oops, compressed class ptrs, g1 gc, windows-amd64)
GC Precious Log:
 CardTable entry size: 512
 Card Set container configuration: InlinePtr #cards 4 size 8 Array Of Cards #cards 16 size 48 Howl #buckets 8 coarsen threshold 3686 Howl Bitmap #cards 512 size 80 coarsen threshold 460 Card regions per heap region 1 cards per card region 4096
 CPUs: 12 total, 12 available
 Memory: 15676M
 Large Page Support: Disabled
 NUMA Support: Disabled
 Compressed Oops: Enabled (Zero based)
 Heap Region Size: 2M
 Heap Min Capacity: 8M
 Heap Initial Capacity: 246M
 Heap Max Capacity: 3920M
 Pre-touch: Disabled
 Parallel Workers: 10
 Concurrent Workers: 3
 Concurrent Refinement Workers: 10
 Periodic GC: Disabled
Heap:
 garbage-first heap   total 96256K, used 33104K [0x000000070b000000, 0x0000000800000000)
  region size 2048K, 7 young (14336K), 3 survivors (6144K)
 Metaspace       used 27129K, committed 28096K, reserved 1114112K
  class space    used 3812K, committed 4288K, reserved 1048576K
GC Heap History (10 events):
Event: 1.072 GC heap before
{Heap before GC invocations=0 (full 0):
 garbage-first heap   total 251904K, used 22528K [0x000000070b000000, 0x0000000800000000)
  region size 2048K, 11 young (22528K), 0 survivors (0K)
 Metaspace       used 885K, committed 1024K, reserved 1114112K
  class space    used 68K, committed 128K, reserved 1048576K
}
Event: 1.075 GC heap after
{Heap after GC invocations=1 (full 0):
 garbage-first heap   total 251904K, used 1499K [0x000000070b000000, 0x0000000800000000)
  region size 2048K, 1 young (2048K), 1 survivors (2048K)
 Metaspace       used 885K, committed 1024K, reserved 1114112K
  class space    used 68K, committed 128K, reserved 1048576K
}
Event: 2.813 GC heap before
{Heap before GC invocations=1 (full 0):
 garbage-first heap   total 251904K, used 46555K [0x000000070b000000, 0x0000000800000000)
  region size 2048K, 22 young (45056K), 1 survivors (2048K)
 Metaspace       used 4572K, committed 4736K, reserved 1114112K
  class space    used 565K, committed 640K, reserved 1048576K
}
Event: 2.822 GC heap after
{Heap after GC invocations=2 (full 0):
 garbage-first heap   total 251904K, used 11518K [0x000000070b000000, 0x0000000800000000)
  region size 2048K, 3 young (6144K), 3 survivors (6144K)
 Metaspace       used 4572K, committed 4736K, reserved 1114112K
  class space    used 565K, committed 640K, reserved 1048576K
}
Event: 7.693 GC heap before
{Heap before GC invocations=2 (full 0):
 garbage-first heap   total 251904K, used 111870K [0x000000070b000000, 0x0000000800000000)
  region size 2048K, 52 young (106496K), 3 survivors (6144K)
 Metaspace       used 15253K, committed 15680K, reserved 1114112K
  class space    used 2036K, committed 2240K, reserved 1048576K
}
Event: 7.710 GC heap after
{Heap after GC invocations=3 (full 0):
 garbage-first heap   total 251904K, used 21224K [0x000000070b000000, 0x0000000800000000)
  region size 2048K, 7 young (14336K), 7 survivors (14336K)
 Metaspace       used 15253K, committed 15680K, reserved 1114112K
  class space    used 2036K, committed 2240K, reserved 1048576K
}
Event: 8.611 GC heap before
{Heap before GC invocations=3 (full 0):
 garbage-first heap   total 251904K, used 58088K [0x000000070b000000, 0x0000000800000000)
  region size 2048K, 27 young (55296K), 7 survivors (14336K)
 Metaspace       used 20860K, committed 21504K, reserved 1114112K
  class space    used 2816K, committed 3136K, reserved 1048576K
}
Event: 8.618 GC heap after
{Heap after GC invocations=4 (full 0):
 garbage-first heap   total 251904K, used 24455K [0x000000070b000000, 0x0000000800000000)
  region size 2048K, 6 young (12288K), 6 survivors (12288K)
 Metaspace       used 20860K, committed 21504K, reserved 1114112K
  class space    used 2816K, committed 3136K, reserved 1048576K
}
Event: 9.746 GC heap before
{Heap before GC invocations=5 (full 0):
 garbage-first heap   total 96256K, used 67463K [0x000000070b000000, 0x0000000800000000)
  region size 2048K, 28 young (57344K), 6 survivors (12288K)
 Metaspace       used 26320K, committed 27200K, reserved 1114112K
  class space    used 3685K, committed 4096K, reserved 1048576K
}
Event: 9.758 GC heap after
{Heap after GC invocations=6 (full 0):
 garbage-first heap   total 96256K, used 26960K [0x000000070b000000, 0x0000000800000000)
  region size 2048K, 3 young (6144K), 3 survivors (6144K)
 Metaspace       used 26320K, committed 27200K, reserved 1114112K
  class space    used 3685K, committed 4096K, reserved 1048576K
}

