# JRE version: Java(TM) SE Runtime Environment (21.0.8+12) (build 21.0.8+12-LTS-250)
# Java VM: Java HotSpot(TM) 64-Bit Server VM (21.0.8+12-LTS-250, mixed mode, sharing, tiered, compressed oops, compressed class ptrs, g1 gc, windows-amd64)
GC Precious Log:
 CardTable entry size: 512
 Card Set container configuration: InlinePtr #cards 4 size 8 Array Of Cards #cards 16 size 48 Howl #buckets 8 coarsen threshold 3686 Howl Bitmap #cards 512 size 80 coarsen threshold 460 Card regions per heap region 1 cards per card region 4096
 CPUs: 12 total, 12 available
 Memory: 15676M
 Large Page Support: Disabled
 NUMA Support: Disabled
 Compressed Oops: Enabled (Zero based)
 Heap Region Size: 2M
 Heap Min Capacity: 8M
 Heap Initial Capacity: 246M
 Heap Max Capacity: 3920M
 Pre-touch: Disabled
 Parallel Workers: 10
 Concurrent Workers: 3
 Concurrent Refinement Workers: 10
 Periodic GC: Disabled
Heap:
 garbage-first heap   total 96256K, used 44032K [0x000000070b000000, 0x0000000800000000)
  region size 2048K, 6 young (12288K), 3 survivors (6144K)
 Metaspace       used 51706K, committed 53632K, reserved 1114112K
  class space    used 7445K, committed 8384K, reserved 1048576K
GC Heap History (20 events):
Event: 7.225 GC heap before
{Heap before GC invocations=1 (full 0):
 garbage-first heap   total 251904K, used 44635K [0x000000070b000000, 0x0000000800000000)
  region size 2048K, 21 young (43008K), 1 survivors (2048K)
 Metaspace       used 4587K, committed 4736K, reserved 1114112K
  class space    used 564K, committed 640K, reserved 1048576K
}
Event: 7.236 GC heap after
{Heap after GC invocations=2 (full 0):
 garbage-first heap   total 251904K, used 11487K [0x000000070b000000, 0x0000000800000000)
  region size 2048K, 3 young (6144K), 3 survivors (6144K)
 Metaspace       used 4587K, committed 4736K, reserved 1114112K
  class space    used 564K, committed 640K, reserved 1048576K
}
Event: 22.728 GC heap before
{Heap before GC invocations=2 (full 0):
 garbage-first heap   total 251904K, used 103647K [0x000000070b000000, 0x0000000800000000)
  region size 2048K, 49 young (100352K), 3 survivors (6144K)
 Metaspace       used 14310K, committed 14784K, reserved 1114112K
  class space    used 1905K, committed 2112K, reserved 1048576K
}
Event: 22.765 GC heap after
{Heap after GC invocations=3 (full 0):
 garbage-first heap   total 251904K, used 21307K [0x000000070b000000, 0x0000000800000000)
  region size 2048K, 7 young (14336K), 7 survivors (14336K)
 Metaspace       used 14310K, committed 14784K, reserved 1114112K
  class space    used 1905K, committed 2112K, reserved 1048576K
}
Event: 28.560 GC heap before
{Heap before GC invocations=3 (full 0):
 garbage-first heap   total 251904K, used 64315K [0x000000070b000000, 0x0000000800000000)
  region size 2048K, 30 young (61440K), 7 survivors (14336K)
 Metaspace       used 20858K, committed 21504K, reserved 1114112K
  class space    used 2810K, committed 3136K, reserved 1048576K
}
Event: 28.580 GC heap after
{Heap after GC invocations=4 (full 0):
 garbage-first heap   total 251904K, used 23744K [0x000000070b000000, 0x0000000800000000)
  region size 2048K, 6 young (12288K), 6 survivors (12288K)
 Metaspace       used 20858K, committed 21504K, reserved 1114112K
  class space    used 2810K, committed 3136K, reserved 1048576K
}
Event: 36.109 GC heap before
{Heap before GC invocations=5 (full 0):
 garbage-first heap   total 96256K, used 68800K [0x000000070b000000, 0x0000000800000000)
  region size 2048K, 28 young (57344K), 6 survivors (12288K)
 Metaspace       used 26419K, committed 27264K, reserved 1114112K
  class space    used 3692K, committed 4096K, reserved 1048576K
}
Event: 36.129 GC heap after
{Heap after GC invocations=6 (full 0):
 garbage-first heap   total 96256K, used 26687K [0x000000070b000000, 0x0000000800000000)
  region size 2048K, 3 young (6144K), 3 survivors (6144K)
 Metaspace       used 26419K, committed 27264K, reserved 1114112K
  class space    used 3692K, committed 4096K, reserved 1048576K
}
Event: 43.032 GC heap before
{Heap before GC invocations=6 (full 0):
 garbage-first heap   total 96256K, used 75839K [0x000000070b000000, 0x0000000800000000)
  region size 2048K, 27 young (55296K), 3 survivors (6144K)
 Metaspace       used 32509K, committed 33856K, reserved 1114112K
  class space    used 4630K, committed 5312K, reserved 1048576K
}
Event: 43.049 GC heap after
{Heap after GC invocations=7 (full 0):
 garbage-first heap   total 96256K, used 29428K [0x000000070b000000, 0x0000000800000000)
  region size 2048K, 3 young (6144K), 3 survivors (6144K)
 Metaspace       used 32509K, committed 33856K, reserved 1114112K
  class space    used 4630K, committed 5312K, reserved 1048576K
}
Event: 44.745 GC heap before
{Heap before GC invocations=7 (full 0):
 garbage-first heap   total 96256K, used 39668K [0x000000070b000000, 0x0000000800000000)
  region size 2048K, 9 young (18432K), 3 survivors (6144K)
 Metaspace       used 34606K, committed 35968K, reserved 1114112K
  class space    used 4807K, committed 5504K, reserved 1048576K
}
Event: 44.758 GC heap after
{Heap after GC invocations=8 (full 0):
 garbage-first heap   total 96256K, used 30549K [0x000000070b000000, 0x0000000800000000)
  region size 2048K, 2 young (4096K), 2 survivors (4096K)
 Metaspace       used 34606K, committed 35968K, reserved 1114112K
  class space    used 4807K, committed 5504K, reserved 1048576K
}
Event: 50.141 GC heap before
{Heap before GC invocations=9 (full 0):
 garbage-first heap   total 96256K, used 81749K [0x000000070b000000, 0x0000000800000000)
  region size 2048K, 27 young (55296K), 2 survivors (4096K)
 Metaspace       used 37790K, committed 39296K, reserved 1114112K
  class space    used 5344K, committed 6080K, reserved 1048576K
}
Event: 50.151 GC heap after
{Heap after GC invocations=10 (full 0):
 garbage-first heap   total 96256K, used 32597K [0x000000070b000000, 0x0000000800000000)
  region size 2048K, 3 young (6144K), 3 survivors (6144K)
 Metaspace       used 37790K, committed 39296K, reserved 1114112K
  class space    used 5344K, committed 6080K, reserved 1048576K
}
Event: 61.367 GC heap before
{Heap before GC invocations=10 (full 0):
 garbage-first heap   total 96256K, used 83797K [0x000000070b000000, 0x0000000800000000)
  region size 2048K, 28 young (57344K), 3 survivors (6144K)
 Metaspace       used 44111K, committed 45760K, reserved 1114112K
  class space    used 6254K, committed 7040K, reserved 1048576K
}
Event: 61.385 GC heap after
{Heap after GC invocations=11 (full 0):
 garbage-first heap   total 96256K, used 34616K [0x000000070b000000, 0x0000000800000000)
  region size 2048K, 3 young (6144K), 3 survivors (6144K)
 Metaspace       used 44111K, committed 45760K, reserved 1114112K
  class space    used 6254K, committed 7040K, reserved 1048576K
}
Event: 70.369 GC heap before
{Heap before GC invocations=11 (full 0):
 garbage-first heap   total 96256K, used 83768K [0x000000070b000000, 0x0000000800000000)
  region size 2048K, 27 young (55296K), 3 survivors (6144K)
 Metaspace       used 49043K, committed 51008K, reserved 1114112K
  class space    used 7060K, committed 8064K, reserved 1048576K
}
Event: 70.382 GC heap after
{Heap after GC invocations=12 (full 0):
 garbage-first heap   total 96256K, used 37916K [0x000000070b000000, 0x0000000800000000)
  region size 2048K, 4 young (8192K), 4 survivors (8192K)
 Metaspace       used 49043K, committed 51008K, reserved 1114112K
  class space    used 7060K, committed 8064K, reserved 1048576K
}
Event: 75.974 GC heap before
{Heap before GC invocations=12 (full 0):
 garbage-first heap   total 96256K, used 80924K [0x000000070b000000, 0x0000000800000000)
  region size 2048K, 25 young (51200K), 4 survivors (8192K)
 Metaspace       used 51249K, committed 53248K, reserved 1114112K
  class space    used 7376K, committed 8384K, reserved 1048576K
}
Event: 75.985 GC heap after
{Heap after GC invocations=13 (full 0):
 garbage-first heap   total 96256K, used 39936K [0x000000070b000000, 0x0000000800000000)
  region size 2048K, 3 young (6144K), 3 survivors (6144K)
 Metaspace       used 51249K, committed 53248K, reserved 1114112K
  class space    used 7376K, committed 8384K, reserved 1048576K
}

